#
# There is insufficient memory for the Java Runtime Environment to continue.
# Native memory allocation (malloc) failed to allocate 1048576 bytes for AllocateHeap
# Possible reasons:
#   The system is out of physical RAM or swap space
#   The process is running with CompressedOops enabled, and the Java Heap may be blocking the growth of the native heap
# Possible solutions:
#   Reduce memory load on the system
#   Increase physical memory or swap space
#   Check if swap backing store is full
#   Decrease Java heap size (-Xmx/-Xms)
#   Decrease number of Java threads
#   Decrease Java thread stack sizes (-Xss)
#   Set larger code cache with -XX:ReservedCodeCacheSize=
#   JVM is running with Unscaled Compressed Oops mode in which the Java heap is
#     placed in the first 4GB address space. The Java Heap base address is the
#     maximum limit for the native heap growth. Please use -XX:HeapBaseMinAddress
#     to set the Java Heap base and to place the Java Heap above 4GB virtual address.
# This output file may be truncated or incomplete.
#
#  Out of Memory Error (./open/src/hotspot/share/memory/allocation.cpp:44), pid=3376, tid=1576
#
# JRE version:  (14.0.1+7) (build )
# Java VM: OpenJDK 64-Bit Server VM (14.0.1+7, mixed mode, sharing, tiered, compressed oops, g1 gc, windows-amd64)
# No core dump will be written. Minidumps are not enabled by default on client versions of Windows
#

---------------  S U M M A R Y ------------

Command Line: -javaagent:C:\Users\User\AppData\Local\JetBrains\Toolbox\apps\IDEA-U\ch-0\211.6693.111\lib\idea_rt.jar=63846:C:\Users\User\AppData\Local\JetBrains\Toolbox\apps\IDEA-U\ch-0\211.6693.111\bin -Dfile.encoding=UTF-8 Scratch.FindDuplicate

Host: Intel(R) Core(TM) i7-4712MQ CPU @ 2.30GHz, 8 cores, 7G,  Windows 10 , 64 bit Build 19041 (10.0.19041.1503)
Time: Tue Feb 22 23:30:07 2022 India Standard Time elapsed time: 0 seconds (0d 0h 0m 0s)

---------------  T H R E A D  ---------------

Current thread (0x000002683dd1c800):  JavaThread "Unknown thread" [_thread_in_vm, id=1576, stack(0x000000b4b0300000,0x000000b4b0400000)]

Stack: [0x000000b4b0300000,0x000000b4b0400000]
Native frames: (J=compiled Java code, j=interpreted, Vv=VM code, C=native code)
V  [jvm.dll+0x5f840a]
V  [jvm.dll+0x741e4a]
V  [jvm.dll+0x7435ff]
V  [jvm.dll+0x743c43]
V  [jvm.dll+0x20d288]
V  [jvm.dll+0xa2b2f]
V  [jvm.dll+0x2a97f3]
V  [jvm.dll+0x2a1a3c]
V  [jvm.dll+0x71f718]
V  [jvm.dll+0x321c44]
V  [jvm.dll+0x700b0c]
V  [jvm.dll+0x392dff]
V  [jvm.dll+0x394e71]
C  [jli.dll+0x523b]
C  [ucrtbase.dll+0x21bb2]
C  [KERNEL32.DLL+0x17034]
C  [ntdll.dll+0x52651]


---------------  P R O C E S S  ---------------

Threads class SMR info:
_java_thread_list=0x00007ffcc1a63078, length=0, elements={
}

Java Threads: ( => current thread )

Other Threads:
  0x000002683dd5c800 GCTaskThread "GC Thread#0" [stack: 0x000000b4b0400000,0x000000b4b0500000] [id=4300]

[error occurred during error reporting (printing all threads), id 0xc0000005, EXCEPTION_ACCESS_VIOLATION (0xc0000005) at pc=0x00007ffcc128e220]

VM state:not at safepoint (not fully initialized)

VM Mutex/Monitor currently owned by a thread:  ([mutex/lock_event])
[0x000002683dd19610] Heap_lock - owner thread: 0x000002683dd1c800

Heap address: 0x0000000088c00000, size: 1908 MB, Compressed Oops mode: 32-bit
Narrow klass base: 0x0000000000000000, Narrow klass shift: 0

GC Heap History (0 events):
No events

Deoptimization events (0 events):
No events

Classes unloaded (0 events):
No events

Classes redefined (0 events):
No events

Internal exceptions (0 events):
No events

Events (2 events):
Event: 0.011 Loaded shared library C:\Users\User\.jdks\openjdk-14.0.1\bin\java.dll
Event: 0.011 Loaded shared library C:\Users\User\.jdks\openjdk-14.0.1\bin\zip.dll


Dynamic libraries:
0x00007ff736d70000 - 0x00007ff736d7d000 	C:\Users\User\.jdks\openjdk-14.0.1\bin\java.exe
0x00007ffd24150000 - 0x00007ffd24345000 	C:\WINDOWS\SYSTEM32\ntdll.dll
0x00007ffd23500000 - 0x00007ffd235be000 	C:\WINDOWS\System32\KERNEL32.DLL
0x00007ffd21860000 - 0x00007ffd21b28000 	C:\WINDOWS\System32\KERNELBASE.dll
0x00007ffd21bd0000 - 0x00007ffd21cd0000 	C:\WINDOWS\System32\ucrtbase.dll
0x00007ffd11a20000 - 0x00007ffd11a35000 	C:\Users\User\.jdks\openjdk-14.0.1\bin\VCRUNTIME140.dll
0x00007ffd119e0000 - 0x00007ffd119f8000 	C:\Users\User\.jdks\openjdk-14.0.1\bin\jli.dll
0x00007ffd235c0000 - 0x00007ffd23760000 	C:\WINDOWS\System32\USER32.dll
0x00007ffd111d0000 - 0x00007ffd1146a000 	C:\WINDOWS\WinSxS\amd64_microsoft.windows.common-controls_6595b64144ccf1df_6.0.19041.1110_none_60b5254171f9507e\COMCTL32.dll
0x00007ffd21d70000 - 0x00007ffd21d92000 	C:\WINDOWS\System32\win32u.dll
0x00007ffd22340000 - 0x00007ffd223de000 	C:\WINDOWS\System32\msvcrt.dll
0x00007ffd226a0000 - 0x00007ffd226cb000 	C:\WINDOWS\System32\GDI32.dll
0x00007ffd21e30000 - 0x00007ffd21f3d000 	C:\WINDOWS\System32\gdi32full.dll
0x00007ffd21b30000 - 0x00007ffd21bcd000 	C:\WINDOWS\System32\msvcp_win.dll
0x00007ffd239a0000 - 0x00007ffd239d0000 	C:\WINDOWS\System32\IMM32.DLL
0x00007ffcf7be0000 - 0x00007ffcf7c7b000 	C:\Users\User\.jdks\openjdk-14.0.1\bin\msvcp140.dll
0x00007ffcc0fe0000 - 0x00007ffcc1afe000 	C:\Users\User\.jdks\openjdk-14.0.1\bin\server\jvm.dll
0x00007ffd233e0000 - 0x00007ffd2348e000 	C:\WINDOWS\System32\ADVAPI32.dll
0x00007ffd22600000 - 0x00007ffd2269c000 	C:\WINDOWS\System32\sechost.dll
0x00007ffd221b0000 - 0x00007ffd222d5000 	C:\WINDOWS\System32\RPCRT4.dll
0x00007ffd221a0000 - 0x00007ffd221a8000 	C:\WINDOWS\System32\PSAPI.DLL
0x00007ffd0ca70000 - 0x00007ffd0ca79000 	C:\WINDOWS\SYSTEM32\WSOCK32.dll
0x00007ffd06830000 - 0x00007ffd06857000 	C:\WINDOWS\SYSTEM32\WINMM.dll
0x00007ffd149e0000 - 0x00007ffd149ea000 	C:\WINDOWS\SYSTEM32\VERSION.dll
0x00007ffd23490000 - 0x00007ffd234fb000 	C:\WINDOWS\System32\WS2_32.dll
0x00007ffd1f710000 - 0x00007ffd1f722000 	C:\WINDOWS\SYSTEM32\kernel.appcore.dll
0x00007ffd1c1a0000 - 0x00007ffd1c1aa000 	C:\Users\User\.jdks\openjdk-14.0.1\bin\jimage.dll
0x00007ffd1eef0000 - 0x00007ffd1f0d4000 	C:\WINDOWS\SYSTEM32\DBGHELP.DLL
0x00007ffd0d8e0000 - 0x00007ffd0d90c000 	C:\WINDOWS\SYSTEM32\dbgcore.DLL
0x00007ffd21da0000 - 0x00007ffd21e22000 	C:\WINDOWS\System32\bcryptPrimitives.dll
0x00007ffd1be60000 - 0x00007ffd1be6e000 	C:\Users\User\.jdks\openjdk-14.0.1\bin\instrument.dll
0x00007ffd10c10000 - 0x00007ffd10c35000 	C:\Users\User\.jdks\openjdk-14.0.1\bin\java.dll
0x00007ffd117c0000 - 0x00007ffd117d6000 	C:\Users\User\.jdks\openjdk-14.0.1\bin\zip.dll

dbghelp: loaded successfully - version: 4.0.5 - missing functions: none
symbol engine: initialized successfully - sym options: 0x614 - pdb path: .;C:\Users\User\.jdks\openjdk-14.0.1\bin;C:\WINDOWS\SYSTEM32;C:\WINDOWS\WinSxS\amd64_microsoft.windows.common-controls_6595b64144ccf1df_6.0.19041.1110_none_60b5254171f9507e;C:\Users\User\.jdks\openjdk-14.0.1\bin\server

VM Arguments:
jvm_args: -javaagent:C:\Users\User\AppData\Local\JetBrains\Toolbox\apps\IDEA-U\ch-0\211.6693.111\lib\idea_rt.jar=63846:C:\Users\User\AppData\Local\JetBrains\Toolbox\apps\IDEA-U\ch-0\211.6693.111\bin -Dfile.encoding=UTF-8 
java_command: Scratch.FindDuplicate
java_class_path (initial): C:\Users\User\IdeaProjects\Data-Structures-in-Java\out\production\Coding
Launcher Type: SUN_STANDARD

[Global flags]
     intx CICompilerCount                          = 4                                         {product} {ergonomic}
     uint ConcGCThreads                            = 2                                         {product} {ergonomic}
     uint G1ConcRefinementThreads                  = 8                                         {product} {ergonomic}
   size_t G1HeapRegionSize                         = 1048576                                   {product} {ergonomic}
    uintx GCDrainStackTargetSize                   = 64                                        {product} {ergonomic}
   size_t InitialHeapSize                          = 125829120                                 {product} {ergonomic}
   size_t MarkStackSize                            = 4194304                                   {product} {ergonomic}
   size_t MaxHeapSize                              = 2000683008                                {product} {ergonomic}
   size_t MinHeapDeltaBytes                        = 1048576                                   {product} {ergonomic}
   size_t MinHeapSize                              = 8388608                                   {product} {ergonomic}
    uintx NonNMethodCodeHeapSize                   = 5839372                                {pd product} {ergonomic}
    uintx NonProfiledCodeHeapSize                  = 122909434                              {pd product} {ergonomic}
    uintx ProfiledCodeHeapSize                     = 122909434                              {pd product} {ergonomic}
    uintx ReservedCodeCacheSize                    = 251658240                              {pd product} {ergonomic}
     bool SegmentedCodeCache                       = true                                      {product} {ergonomic}
   size_t SoftMaxHeapSize                          = 2000683008                             {manageable} {ergonomic}
     bool UseCompressedClassPointers               = true                                 {lp64_product} {ergonomic}
     bool UseCompressedOops                        = true                                 {lp64_product} {ergonomic}
     bool UseG1GC                                  = true                                      {product} {ergonomic}
     bool UseLargePagesIndividualAllocation        = false                                  {pd product} {ergonomic}

Logging:
Log output configuration:
 #0: stdout all=warning uptime,level,tags
 #1: stderr all=off uptime,level,tags

Environment Variables:
PATH=C:\Windows\System32;C:\Windows\System32\OpenSSH;C:\HashiCorp\Vagrant\bin;C:\Program Files\MySQL\MySQL Shell 8.0\bin\;C:\Users\User\AppData\Local\Microsoft\WindowsApps;C:\Program Files (x86)\Google\Chrome\Application;C:\Users\User\Documents\Python Scripts;C:\Users\User\AppData\Local\Microsoft\WindowsApps;C:\Program Files\terraform;C:\Users\User\AppData\Local\Programs\Microsoft VS Code\bin;C:\Users\User\AppData\Roaming\npm;C:\Program Files\Java\jdk-11.0.9\bin;C:\Program Files\Java\jdk1.8.0_251\bin;C:\xampp\htdocs\PHP;C:\xampp\php;C:\Program Files (x86)\nodejs;C:\Program Files\Docker\Docker;C:\Program Files\Docker\Docker\resources\bin;C:\Windows\System32;C:\Windows\System32\OpenSSH;C:\Users\User\kube;C:\Windows\System32\WindowsPowerShell\v1.0;
USERNAME=User
OS=Windows_NT
PROCESSOR_IDENTIFIER=Intel64 Family 6 Model 60 Stepping 3, GenuineIntel



---------------  S Y S T E M  ---------------

OS: Windows 10 , 64 bit Build 19041 (10.0.19041.1503)
OS uptime: 1 days 3:08 hours
HyperV virtualization detected

CPU:total 8 (initial active 8) (4 cores per cpu, 2 threads per core) family 6 model 60 stepping 3, cmov, cx8, fxsr, mmx, sse, sse2, sse3, ssse3, sse4.1, sse4.2, popcnt, avx, avx2, aes, clmul, erms, lzcnt, ht, tsc, tscinvbit, bmi1, bmi2, fma

Memory: 4k page, system-wide physical 7625M (486M free)
TotalPageFile size 7625M (AvailPageFile size 4M)
current process WorkingSet (physical memory assigned to process): 10M, peak: 10M
current process commit charge ("private bytes"): 56M, peak: 57M

vm_info: OpenJDK 64-Bit Server VM (14.0.1+7) for windows-amd64 JRE (14.0.1+7), built on Mar  5 2020 10:30:04 by "mach5one" with MS VC++ 15.9 (VS2017)

END.
