#
# There is insufficient memory for the Java Runtime Environment to continue.
# Native memory allocation (mmap) failed to map 125829120 bytes for Failed to commit area from 0x0000000088c00000 to 0x0000000090400000 of length 125829120.
# Possible reasons:
#   The system is out of physical RAM or swap space
#   The process is running with CompressedOops enabled, and the Java Heap may be blocking the growth of the native heap
# Possible solutions:
#   Reduce memory load on the system
#   Increase physical memory or swap space
#   Check if swap backing store is full
#   Decrease Java heap size (-Xmx/-Xms)
#   Decrease number of Java threads
#   Decrease Java thread stack sizes (-Xss)
#   Set larger code cache with -XX:ReservedCodeCacheSize=
#   JVM is running with Unscaled Compressed Oops mode in which the Java heap is
#     placed in the first 4GB address space. The Java Heap base address is the
#     maximum limit for the native heap growth. Please use -XX:HeapBaseMinAddress
#     to set the Java Heap base and to place the Java Heap above 4GB virtual address.
# This output file may be truncated or incomplete.
#
#  Out of Memory Error (./open/src/hotspot/os/windows/os_windows.cpp:3315), pid=9028, tid=6628
#
# JRE version:  (14.0.1+7) (build )
# Java VM: OpenJDK 64-Bit Server VM (14.0.1+7, mixed mode, sharing, tiered, compressed oops, g1 gc, windows-amd64)
# No core dump will be written. Minidumps are not enabled by default on client versions of Windows
#

---------------  S U M M A R Y ------------

Command Line: -javaagent:C:\Users\User\AppData\Local\JetBrains\Toolbox\apps\IDEA-U\ch-0\211.6693.111\lib\idea_rt.jar=55476:C:\Users\User\AppData\Local\JetBrains\Toolbox\apps\IDEA-U\ch-0\211.6693.111\bin -Dfile.encoding=UTF-8 Scratch.LinearSearch

Host: Intel(R) Core(TM) i7-4712MQ CPU @ 2.30GHz, 8 cores, 7G,  Windows 10 , 64 bit Build 19041 (10.0.19041.1466)
Time: Sat Feb  5 00:44:46 2022 India Standard Time elapsed time: 0 seconds (0d 0h 0m 0s)

---------------  T H R E A D  ---------------

Current thread (0x00000216d85de800):  JavaThread "Unknown thread" [_thread_in_vm, id=6628, stack(0x0000009681b00000,0x0000009681c00000)]

Stack: [0x0000009681b00000,0x0000009681c00000]
Native frames: (J=compiled Java code, j=interpreted, Vv=VM code, C=native code)
V  [jvm.dll+0x5f840a]
V  [jvm.dll+0x741e4a]
V  [jvm.dll+0x7435ff]
V  [jvm.dll+0x743c43]
V  [jvm.dll+0x20d288]
V  [jvm.dll+0x5f57ba]
V  [jvm.dll+0x5ea615]
V  [jvm.dll+0x2c7e9c]
V  [jvm.dll+0x2c7cd2]
V  [jvm.dll+0x2cdbbc]
V  [jvm.dll+0x313ff8]
V  [jvm.dll+0x313720]
V  [jvm.dll+0x2a092a]
V  [jvm.dll+0x2a1a79]
V  [jvm.dll+0x71f718]
V  [jvm.dll+0x321c44]
V  [jvm.dll+0x700b0c]
V  [jvm.dll+0x392dff]
V  [jvm.dll+0x394e71]
C  [jli.dll+0x523b]
C  [ucrtbase.dll+0x21bb2]
C  [KERNEL32.DLL+0x17034]
C  [ntdll.dll+0x52651]


---------------  P R O C E S S  ---------------

Threads class SMR info:
_java_thread_list=0x00007ffd90003078, length=0, elements={
}

Java Threads: ( => current thread )

Other Threads:
  0x00000216d861b000 GCTaskThread "GC Thread#0" [stack: 0x0000009681c00000,0x0000009681d00000] [id=19032]
  0x00000216d862b800 ConcurrentGCThread "G1 Main Marker" [stack: 0x0000009681d00000,0x0000009681e00000] [id=11128]
  0x00000216d862d000 ConcurrentGCThread "G1 Conc#0" [stack: 0x0000009681e00000,0x0000009681f00000] [id=8868]

[error occurred during error reporting (printing all threads), id 0xc0000005, EXCEPTION_ACCESS_VIOLATION (0xc0000005) at pc=0x00007ffd8f831257]

VM state:not at safepoint (not fully initialized)

VM Mutex/Monitor currently owned by a thread:  ([mutex/lock_event])
[0x00000216d85d9dc0] Heap_lock - owner thread: 0x00000216d85de800

Heap address: 0x0000000088c00000, size: 1908 MB, Compressed Oops mode: 32-bit
Narrow klass base: 0x0000000000000000, Narrow klass shift: 0

GC Heap History (0 events):
No events

Deoptimization events (0 events):
No events

Classes unloaded (0 events):
No events

Classes redefined (0 events):
No events

Internal exceptions (0 events):
No events

Events (2 events):
Event: 0.008 Loaded shared library C:\Users\User\.jdks\openjdk-14.0.1\bin\java.dll
Event: 0.008 Loaded shared library C:\Users\User\.jdks\openjdk-14.0.1\bin\zip.dll


Dynamic libraries:
0x00007ff7e2a90000 - 0x00007ff7e2a9d000 	C:\Users\User\.jdks\openjdk-14.0.1\bin\java.exe
0x00007ffdf5bd0000 - 0x00007ffdf5dc5000 	C:\WINDOWS\SYSTEM32\ntdll.dll
0x00007ffdf5720000 - 0x00007ffdf57de000 	C:\WINDOWS\System32\KERNEL32.DLL
0x00007ffdf34a0000 - 0x00007ffdf3768000 	C:\WINDOWS\System32\KERNELBASE.dll
0x00007ffdf3770000 - 0x00007ffdf3870000 	C:\WINDOWS\System32\ucrtbase.dll
0x00007ffdebbf0000 - 0x00007ffdebc08000 	C:\Users\User\.jdks\openjdk-14.0.1\bin\jli.dll
0x00007ffdebbd0000 - 0x00007ffdebbe5000 	C:\Users\User\.jdks\openjdk-14.0.1\bin\VCRUNTIME140.dll
0x00007ffdf5570000 - 0x00007ffdf5711000 	C:\WINDOWS\System32\USER32.dll
0x00007ffdf3370000 - 0x00007ffdf3392000 	C:\WINDOWS\System32\win32u.dll
0x00007ffde1d80000 - 0x00007ffde201a000 	C:\WINDOWS\WinSxS\amd64_microsoft.windows.common-controls_6595b64144ccf1df_6.0.19041.1110_none_60b5254171f9507e\COMCTL32.dll
0x00007ffdf5020000 - 0x00007ffdf504b000 	C:\WINDOWS\System32\GDI32.dll
0x00007ffdf4f80000 - 0x00007ffdf501e000 	C:\WINDOWS\System32\msvcrt.dll
0x00007ffdf3b00000 - 0x00007ffdf3c0d000 	C:\WINDOWS\System32\gdi32full.dll
0x00007ffdf3400000 - 0x00007ffdf349d000 	C:\WINDOWS\System32\msvcp_win.dll
0x00007ffdf5530000 - 0x00007ffdf5560000 	C:\WINDOWS\System32\IMM32.DLL
0x00007ffde7150000 - 0x00007ffde71eb000 	C:\Users\User\.jdks\openjdk-14.0.1\bin\msvcp140.dll
0x00007ffd8f580000 - 0x00007ffd9009e000 	C:\Users\User\.jdks\openjdk-14.0.1\bin\server\jvm.dll
0x00007ffdf4270000 - 0x00007ffdf431e000 	C:\WINDOWS\System32\ADVAPI32.dll
0x00007ffdf44d0000 - 0x00007ffdf456c000 	C:\WINDOWS\System32\sechost.dll
0x00007ffdf5a60000 - 0x00007ffdf5b85000 	C:\WINDOWS\System32\RPCRT4.dll
0x00007ffdf5560000 - 0x00007ffdf5568000 	C:\WINDOWS\System32\PSAPI.DLL
0x00007ffde36f0000 - 0x00007ffde36f9000 	C:\WINDOWS\SYSTEM32\WSOCK32.dll
0x00007ffdd82b0000 - 0x00007ffdd82d7000 	C:\WINDOWS\SYSTEM32\WINMM.dll
0x00007ffde31e0000 - 0x00007ffde31ea000 	C:\WINDOWS\SYSTEM32\VERSION.dll
0x00007ffdf53c0000 - 0x00007ffdf542b000 	C:\WINDOWS\System32\WS2_32.dll
0x00007ffdf1190000 - 0x00007ffdf11a2000 	C:\WINDOWS\SYSTEM32\kernel.appcore.dll
0x00007ffdeee40000 - 0x00007ffdeee4a000 	C:\Users\User\.jdks\openjdk-14.0.1\bin\jimage.dll
0x00007ffdf0970000 - 0x00007ffdf0b54000 	C:\WINDOWS\SYSTEM32\DBGHELP.DLL
0x00007ffddffd0000 - 0x00007ffddfffc000 	C:\WINDOWS\SYSTEM32\dbgcore.DLL
0x00007ffdf32e0000 - 0x00007ffdf3362000 	C:\WINDOWS\System32\bcryptPrimitives.dll
0x00007ffdeca70000 - 0x00007ffdeca7e000 	C:\Users\User\.jdks\openjdk-14.0.1\bin\instrument.dll
0x00007ffde7830000 - 0x00007ffde7855000 	C:\Users\User\.jdks\openjdk-14.0.1\bin\java.dll
0x00007ffde7810000 - 0x00007ffde7826000 	C:\Users\User\.jdks\openjdk-14.0.1\bin\zip.dll

dbghelp: loaded successfully - version: 4.0.5 - missing functions: none
symbol engine: initialized successfully - sym options: 0x614 - pdb path: .;C:\Users\User\.jdks\openjdk-14.0.1\bin;C:\WINDOWS\SYSTEM32;C:\WINDOWS\WinSxS\amd64_microsoft.windows.common-controls_6595b64144ccf1df_6.0.19041.1110_none_60b5254171f9507e;C:\Users\User\.jdks\openjdk-14.0.1\bin\server

VM Arguments:
jvm_args: -javaagent:C:\Users\User\AppData\Local\JetBrains\Toolbox\apps\IDEA-U\ch-0\211.6693.111\lib\idea_rt.jar=55476:C:\Users\User\AppData\Local\JetBrains\Toolbox\apps\IDEA-U\ch-0\211.6693.111\bin -Dfile.encoding=UTF-8 
java_command: Scratch.LinearSearch
java_class_path (initial): C:\Users\User\IdeaProjects\Data-Structures-in-Java\out\production\Coding
Launcher Type: SUN_STANDARD

[Global flags]
     intx CICompilerCount                          = 4                                         {product} {ergonomic}
     uint ConcGCThreads                            = 2                                         {product} {ergonomic}
     uint G1ConcRefinementThreads                  = 8                                         {product} {ergonomic}
   size_t G1HeapRegionSize                         = 1048576                                   {product} {ergonomic}
    uintx GCDrainStackTargetSize                   = 64                                        {product} {ergonomic}
   size_t InitialHeapSize                          = 125829120                                 {product} {ergonomic}
   size_t MarkStackSize                            = 4194304                                   {product} {ergonomic}
   size_t MaxHeapSize                              = 2000683008                                {product} {ergonomic}
   size_t MinHeapDeltaBytes                        = 1048576                                   {product} {ergonomic}
   size_t MinHeapSize                              = 8388608                                   {product} {ergonomic}
    uintx NonNMethodCodeHeapSize                   = 5839372                                {pd product} {ergonomic}
    uintx NonProfiledCodeHeapSize                  = 122909434                              {pd product} {ergonomic}
    uintx ProfiledCodeHeapSize                     = 122909434                              {pd product} {ergonomic}
    uintx ReservedCodeCacheSize                    = 251658240                              {pd product} {ergonomic}
     bool SegmentedCodeCache                       = true                                      {product} {ergonomic}
   size_t SoftMaxHeapSize                          = 2000683008                             {manageable} {ergonomic}
     bool UseCompressedClassPointers               = true                                 {lp64_product} {ergonomic}
     bool UseCompressedOops                        = true                                 {lp64_product} {ergonomic}
     bool UseG1GC                                  = true                                      {product} {ergonomic}
     bool UseLargePagesIndividualAllocation        = false                                  {pd product} {ergonomic}

Logging:
Log output configuration:
 #0: stdout all=warning uptime,level,tags
 #1: stderr all=off uptime,level,tags

Environment Variables:
PATH=C:\Windows\System32;C:\Windows\System32\OpenSSH;C:\Program Files\MySQL\MySQL Shell 8.0\bin\;C:\Users\User\AppData\Local\Microsoft\WindowsApps;C:\Program Files (x86)\Google\Chrome\Application;C:\Users\User\Documents\Python Scripts;C:\Users\User\AppData\Local\Microsoft\WindowsApps;C:\Program Files\terraform;C:\Users\User\AppData\Local\Programs\Microsoft VS Code\bin;C:\Users\User\AppData\Roaming\npm;C:\Program Files\Java\jdk-11.0.9\bin;C:\Program Files\Java\jdk1.8.0_251\bin;C:\xampp\htdocs\PHP;C:\xampp\php;C:\Program Files (x86)\nodejs;C:\Program Files\Docker\Docker;C:\Program Files\Docker\Docker\resources\bin;C:\Windows\System32;C:\Windows\System32\OpenSSH
USERNAME=User
OS=Windows_NT
PROCESSOR_IDENTIFIER=Intel64 Family 6 Model 60 Stepping 3, GenuineIntel



---------------  S Y S T E M  ---------------

OS: Windows 10 , 64 bit Build 19041 (10.0.19041.1466)
OS uptime: 2 days 22:50 hours
HyperV virtualization detected

CPU:total 8 (initial active 8) (4 cores per cpu, 2 threads per core) family 6 model 60 stepping 3, cmov, cx8, fxsr, mmx, sse, sse2, sse3, ssse3, sse4.1, sse4.2, popcnt, avx, avx2, aes, clmul, erms, lzcnt, ht, tsc, tscinvbit, bmi1, bmi2, fma

Memory: 4k page, system-wide physical 7625M (552M free)
TotalPageFile size 7625M (AvailPageFile size 47M)
current process WorkingSet (physical memory assigned to process): 10M, peak: 10M
current process commit charge ("private bytes"): 60M, peak: 180M

vm_info: OpenJDK 64-Bit Server VM (14.0.1+7) for windows-amd64 JRE (14.0.1+7), built on Mar  5 2020 10:30:04 by "mach5one" with MS VC++ 15.9 (VS2017)

END.
