#
# There is insufficient memory for the Java Runtime Environment to continue.
# Native memory allocation (mmap) failed to map 125829120 bytes for Failed to commit area from 0x0000000088c00000 to 0x0000000090400000 of length 125829120.
# Possible reasons:
#   The system is out of physical RAM or swap space
#   The process is running with CompressedOops enabled, and the Java Heap may be blocking the growth of the native heap
# Possible solutions:
#   Reduce memory load on the system
#   Increase physical memory or swap space
#   Check if swap backing store is full
#   Decrease Java heap size (-Xmx/-Xms)
#   Decrease number of Java threads
#   Decrease Java thread stack sizes (-Xss)
#   Set larger code cache with -XX:ReservedCodeCacheSize=
# This output file may be truncated or incomplete.
#
#  Out of Memory Error (./src/hotspot/os/windows/os_windows.cpp:3301), pid=4048, tid=13992
#
# JRE version:  (11.0.10+9) (build )
# Java VM: Dynamic Code Evolution 64-Bit Server VM (11.0.10+9-b1341.35, mixed mode, sharing, tiered, compressed oops, g1 gc, windows-amd64)
# No core dump will be written. Minidumps are not enabled by default on client versions of Windows
#

---------------  S U M M A R Y ------------

Command Line: org.jetbrains.git4idea.http.GitAskPassApp Username for 'https://github.com': 

Host: Intel(R) Core(TM) i7-4712MQ CPU @ 2.30GHz, 8 cores, 7G,  Windows 10 , 64 bit Build 19041 (10.0.19041.1566)
Time: Thu Mar 17 22:29:17 2022 India Standard Time elapsed time: 0.018914 seconds (0d 0h 0m 0s)

---------------  T H R E A D  ---------------

Current thread (0x000001ecfe602000):  JavaThread "Unknown thread" [_thread_in_vm, id=13992, stack(0x0000008c60c00000,0x0000008c60d00000)]

Stack: [0x0000008c60c00000,0x0000008c60d00000]
Native frames: (J=compiled Java code, j=interpreted, Vv=VM code, C=native code)
V  [jvm.dll+0x5f84fa]
V  [jvm.dll+0x77e085]
V  [jvm.dll+0x77f5dd]
V  [jvm.dll+0x77fc93]
V  [jvm.dll+0x2457e8]
V  [jvm.dll+0x5f58f4]
V  [jvm.dll+0x5ea975]
V  [jvm.dll+0x30228b]
V  [jvm.dll+0x3021fa]
V  [jvm.dll+0x3020d2]
V  [jvm.dll+0x306fb6]
V  [jvm.dll+0x34f843]
V  [jvm.dll+0x34ff46]
V  [jvm.dll+0x34f943]
V  [jvm.dll+0x2dbcb8]
V  [jvm.dll+0x2dce57]
V  [jvm.dll+0x75c4d7]
V  [jvm.dll+0x75dd6c]
V  [jvm.dll+0x35cdb9]
V  [jvm.dll+0x73fc9e]
V  [jvm.dll+0x3c5663]
V  [jvm.dll+0x3c7a21]
C  [jli.dll+0x5373]
C  [ucrtbase.dll+0x21bb2]
C  [KERNEL32.DLL+0x17034]
C  [ntdll.dll+0x52651]


---------------  P R O C E S S  ---------------

Threads class SMR info:
_java_thread_list=0x000001ecfc3d3f10, length=0, elements={
}

Java Threads: ( => current thread )

Other Threads:
  0x000001ecfe619800 GCTaskThread "GC Thread#0" [stack: 0x0000008c60d00000,0x0000008c60e00000] [id=6192]
  0x000001ecfe648800 ConcurrentGCThread "G1 Main Marker" [stack: 0x0000008c60e00000,0x0000008c60f00000] [id=2676]
  0x000001ecfe64c800 ConcurrentGCThread "G1 Conc#0" [stack: 0x0000008c60f00000,0x0000008c61000000] [id=13460]

[error occurred during error reporting (printing all threads), id 0xc0000005, EXCEPTION_ACCESS_VIOLATION (0xc0000005) at pc=0x00007ff88c9ac437]

VM state:not at safepoint (not fully initialized)

VM Mutex/Monitor currently owned by a thread:  ([mutex/lock_event])
[0x000001ecfe5fe8d0] Heap_lock - owner thread: 0x000001ecfe602000

Heap address: 0x0000000088c00000, size: 1908 MB, Compressed Oops mode: Non-zero based: 0x0000000088c00000
Narrow klass base: 0x0000000000000000, Narrow klass shift: 0

GC Heap History (0 events):
No events

Deoptimization events (0 events):
No events

Classes redefined (0 events):
No events

Internal exceptions (0 events):
No events

Events (1 events):
Event: 0.010 Loaded shared library C:\Users\User\AppData\Local\JetBrains\Toolbox\apps\IDEA-U\ch-0\211.6693.111\jbr\bin\zip.dll


Dynamic libraries:
0x00007ff627400000 - 0x00007ff62740a000 	C:\Users\User\AppData\Local\JetBrains\Toolbox\apps\IDEA-U\ch-0\211.6693.111\jbr\bin\java.exe
0x00007ff8fb770000 - 0x00007ff8fb965000 	C:\WINDOWS\SYSTEM32\ntdll.dll
0x00007ff8fb670000 - 0x00007ff8fb72e000 	C:\WINDOWS\System32\KERNEL32.DLL
0x00007ff8f9060000 - 0x00007ff8f9328000 	C:\WINDOWS\System32\KERNELBASE.dll
0x00007ff8f8f60000 - 0x00007ff8f9060000 	C:\WINDOWS\System32\ucrtbase.dll
0x00007ff8e0f40000 - 0x00007ff8e0f59000 	C:\Users\User\AppData\Local\JetBrains\Toolbox\apps\IDEA-U\ch-0\211.6693.111\jbr\bin\jli.dll
0x00007ff8da0f0000 - 0x00007ff8da107000 	C:\Users\User\AppData\Local\JetBrains\Toolbox\apps\IDEA-U\ch-0\211.6693.111\jbr\bin\VCRUNTIME140.dll
0x00007ff8fb130000 - 0x00007ff8fb2d0000 	C:\WINDOWS\System32\USER32.dll
0x00007ff8f9330000 - 0x00007ff8f9352000 	C:\WINDOWS\System32\win32u.dll
0x00007ff8e7d60000 - 0x00007ff8e7ffa000 	C:\WINDOWS\WinSxS\amd64_microsoft.windows.common-controls_6595b64144ccf1df_6.0.19041.1110_none_60b5254171f9507e\COMCTL32.dll
0x00007ff8fa400000 - 0x00007ff8fa42b000 	C:\WINDOWS\System32\GDI32.dll
0x00007ff8f94c0000 - 0x00007ff8f95cb000 	C:\WINDOWS\System32\gdi32full.dll
0x00007ff8faa00000 - 0x00007ff8faa9e000 	C:\WINDOWS\System32\msvcrt.dll
0x00007ff8f8e90000 - 0x00007ff8f8f2d000 	C:\WINDOWS\System32\msvcp_win.dll
0x00007ff8fb050000 - 0x00007ff8fb080000 	C:\WINDOWS\System32\IMM32.DLL
0x00007ff8c6250000 - 0x00007ff8c62ed000 	C:\Users\User\AppData\Local\JetBrains\Toolbox\apps\IDEA-U\ch-0\211.6693.111\jbr\bin\msvcp140.dll
0x00007ff88c6c0000 - 0x00007ff88d20f000 	C:\Users\User\AppData\Local\JetBrains\Toolbox\apps\IDEA-U\ch-0\211.6693.111\jbr\bin\server\jvm.dll
0x00007ff8fb080000 - 0x00007ff8fb12e000 	C:\WINDOWS\System32\ADVAPI32.dll
0x00007ff8fb5d0000 - 0x00007ff8fb66c000 	C:\WINDOWS\System32\sechost.dll
0x00007ff8fb2d0000 - 0x00007ff8fb3f5000 	C:\WINDOWS\System32\RPCRT4.dll
0x00007ff8fb040000 - 0x00007ff8fb048000 	C:\WINDOWS\System32\PSAPI.DLL
0x00007ff8de000000 - 0x00007ff8de009000 	C:\WINDOWS\SYSTEM32\WSOCK32.dll
0x00007ff8de160000 - 0x00007ff8de187000 	C:\WINDOWS\SYSTEM32\WINMM.dll
0x00007ff8e8eb0000 - 0x00007ff8e8eba000 	C:\WINDOWS\SYSTEM32\VERSION.dll
0x00007ff8faab0000 - 0x00007ff8fab1b000 	C:\WINDOWS\System32\WS2_32.dll
0x00007ff8f6d60000 - 0x00007ff8f6d72000 	C:\WINDOWS\SYSTEM32\kernel.appcore.dll
0x00007ff8f42a0000 - 0x00007ff8f42b1000 	C:\Users\User\AppData\Local\JetBrains\Toolbox\apps\IDEA-U\ch-0\211.6693.111\jbr\bin\verify.dll
0x00007ff8eee10000 - 0x00007ff8eeff4000 	C:\WINDOWS\SYSTEM32\DBGHELP.DLL
0x00007ff8e4e10000 - 0x00007ff8e4e3c000 	C:\WINDOWS\SYSTEM32\dbgcore.DLL
0x00007ff8f95d0000 - 0x00007ff8f9652000 	C:\WINDOWS\System32\bcryptPrimitives.dll
0x00007ff8f2570000 - 0x00007ff8f2599000 	C:\Users\User\AppData\Local\JetBrains\Toolbox\apps\IDEA-U\ch-0\211.6693.111\jbr\bin\java.dll
0x00007ff8f4290000 - 0x00007ff8f429b000 	C:\Users\User\AppData\Local\JetBrains\Toolbox\apps\IDEA-U\ch-0\211.6693.111\jbr\bin\jimage.dll
0x00007ff8ef040000 - 0x00007ff8ef058000 	C:\Users\User\AppData\Local\JetBrains\Toolbox\apps\IDEA-U\ch-0\211.6693.111\jbr\bin\zip.dll

dbghelp: loaded successfully - version: 4.0.5 - missing functions: none
symbol engine: initialized successfully - sym options: 0x614 - pdb path: .;C:\Users\User\AppData\Local\JetBrains\Toolbox\apps\IDEA-U\ch-0\211.6693.111\jbr\bin;C:\WINDOWS\SYSTEM32;C:\WINDOWS\WinSxS\amd64_microsoft.windows.common-controls_6595b64144ccf1df_6.0.19041.1110_none_60b5254171f9507e;C:\Users\User\AppData\Local\JetBrains\Toolbox\apps\IDEA-U\ch-0\211.6693.111\jbr\bin\server

VM Arguments:
java_command: org.jetbrains.git4idea.http.GitAskPassApp Username for 'https://github.com': 
java_class_path (initial): C:/Users/User/AppData/Local/JetBrains/Toolbox/apps/IDEA-U/ch-0/211.6693.111/plugins/git4idea/lib/git4idea-rt.jar;C:/Users/User/AppData/Local/JetBrains/Toolbox/apps/IDEA-U/ch-0/211.6693.111/lib/xmlrpc-2.0.1.jar;C:/Users/User/AppData/Local/JetBrains/Toolbox/apps/IDEA-U/ch-0/211.6693.111/lib/commons-codec-1.15.jar
Launcher Type: SUN_STANDARD

[Global flags]
     intx CICompilerCount                          = 4                                         {product} {ergonomic}
     uint ConcGCThreads                            = 2                                         {product} {ergonomic}
     uint G1ConcRefinementThreads                  = 8                                         {product} {ergonomic}
   size_t G1HeapRegionSize                         = 1048576                                   {product} {ergonomic}
    uintx GCDrainStackTargetSize                   = 64                                        {product} {ergonomic}
   size_t InitialHeapSize                          = 125829120                                 {product} {ergonomic}
   size_t MarkStackSize                            = 4194304                                   {product} {ergonomic}
   size_t MaxHeapSize                              = 2000683008                                {product} {ergonomic}
   size_t MinHeapDeltaBytes                        = 1048576                                   {product} {ergonomic}
    uintx NonNMethodCodeHeapSize                   = 5836300                                {pd product} {ergonomic}
    uintx NonProfiledCodeHeapSize                  = 122910970                              {pd product} {ergonomic}
    uintx ProfiledCodeHeapSize                     = 122910970                              {pd product} {ergonomic}
    uintx ReservedCodeCacheSize                    = 251658240                              {pd product} {ergonomic}
     bool SegmentedCodeCache                       = true                                      {product} {ergonomic}
     bool UseCompressedClassPointers               = true                                 {lp64_product} {ergonomic}
     bool UseCompressedOops                        = true                                 {lp64_product} {ergonomic}
     bool UseG1GC                                  = true                                      {product} {ergonomic}
     bool UseLargePagesIndividualAllocation        = false                                  {pd product} {ergonomic}

Logging:
Log output configuration:
 #0: stdout all=warning uptime,level,tags
 #1: stderr all=off uptime,level,tags

Environment Variables:
PATH=C:\Program Files\Git\mingw64\libexec\git-core;C:\Program Files\Git\mingw64\libexec\git-core;C:\Program Files\Git\mingw64\bin;C:\Program Files\Git\usr\bin;C:\Users\User\bin;C:\Windows\System32;C:\Windows\System32\OpenSSH;C:\HashiCorp\Vagrant\bin;C:\ProgramData\chocolatey\bin;C:\Program Files\MySQL\MySQL Shell 8.0\bin;C:\Users\User\AppData\Local\Microsoft\WindowsApps;C:\Program Files (x86)\Google\Chrome\Application;C:\Users\User\Documents\Python Scripts;C:\Users\User\AppData\Local\Microsoft\WindowsApps;C:\Program Files\terraform;C:\Users\User\AppData\Local\Programs\Microsoft VS Code\bin;C:\Users\User\AppData\Roaming\npm;C:\Program Files\Java\jdk-11.0.9\bin;C:\Program Files\Java\jdk1.8.0_251\bin;C:\xampp\htdocs\PHP;C:\xampp\php;C:\Program Files (x86)\nodejs;C:\Program Files\Docker\Docker;C:\Program Files\Docker\Docker\resources\bin;C:\Windows\System32;C:\Windows\System32\OpenSSH;C:\Users\User\kube;C:\Windows\System32\WindowsPowerShell\v1.0
USERNAME=User
DISPLAY=:0.0
LC_ALL=en_US.UTF-8
OS=Windows_NT
PROCESSOR_IDENTIFIER=Intel64 Family 6 Model 60 Stepping 3, GenuineIntel



---------------  S Y S T E M  ---------------

OS: Windows 10 , 64 bit Build 19041 (10.0.19041.1566)
OS uptime: 0 days 2:06 hours
Hyper-V role detected

CPU:total 8 (initial active 8) (4 cores per cpu, 2 threads per core) family 6 model 60 stepping 3 microcode 0x27, cmov, cx8, fxsr, mmx, sse, sse2, sse3, ssse3, sse4.1, sse4.2, popcnt, avx, avx2, aes, clmul, erms, lzcnt, ht, tsc, tscinvbit, bmi1, bmi2, fma

Memory: 4k page, system-wide physical 7625M (562M free)
TotalPageFile size 7625M (AvailPageFile size 49M)
current process WorkingSet (physical memory assigned to process): 10M, peak: 10M
current process commit charge ("private bytes"): 59M, peak: 179M

vm_info: Dynamic Code Evolution 64-Bit Server VM (11.0.10+9-b1341.35) for windows-amd64 JRE (11.0.10+9-b1341.35), built on Mar 31 2021 02:11:12 by "" with MS VC++ 14.0 (VS2015)

END.
