#
# There is insufficient memory for the Java Runtime Environment to continue.
# Native memory allocation (mmap) failed to map 125829120 bytes for Failed to commit area from 0x0000000088c00000 to 0x0000000090400000 of length 125829120.
# Possible reasons:
#   The system is out of physical RAM or swap space
#   The process is running with CompressedOops enabled, and the Java Heap may be blocking the growth of the native heap
# Possible solutions:
#   Reduce memory load on the system
#   Increase physical memory or swap space
#   Check if swap backing store is full
#   Decrease Java heap size (-Xmx/-Xms)
#   Decrease number of Java threads
#   Decrease Java thread stack sizes (-Xss)
#   Set larger code cache with -XX:ReservedCodeCacheSize=
#   JVM is running with Unscaled Compressed Oops mode in which the Java heap is
#     placed in the first 4GB address space. The Java Heap base address is the
#     maximum limit for the native heap growth. Please use -XX:HeapBaseMinAddress
#     to set the Java Heap base and to place the Java Heap above 4GB virtual address.
# This output file may be truncated or incomplete.
#
#  Out of Memory Error (./open/src/hotspot/os/windows/os_windows.cpp:3315), pid=7628, tid=9452
#
# JRE version:  (14.0.1+7) (build )
# Java VM: OpenJDK 64-Bit Server VM (14.0.1+7, mixed mode, sharing, tiered, compressed oops, g1 gc, windows-amd64)
# No core dump will be written. Minidumps are not enabled by default on client versions of Windows
#

---------------  S U M M A R Y ------------

Command Line: -javaagent:C:\Users\User\AppData\Local\JetBrains\Toolbox\apps\IDEA-U\ch-0\211.6693.111\lib\idea_rt.jar=54874:C:\Users\User\AppData\Local\JetBrains\Toolbox\apps\IDEA-U\ch-0\211.6693.111\bin -Dfile.encoding=UTF-8 Recursion.ReverseANumbeRec

Host: Intel(R) Core(TM) i7-4712MQ CPU @ 2.30GHz, 8 cores, 7G,  Windows 10 , 64 bit Build 19041 (10.0.19041.1503)
Time: Wed Mar  9 18:42:45 2022 India Standard Time elapsed time: 0 seconds (0d 0h 0m 0s)

---------------  T H R E A D  ---------------

Current thread (0x0000026ca69cc000):  JavaThread "Unknown thread" [_thread_in_vm, id=9452, stack(0x000000c311800000,0x000000c311900000)]

Stack: [0x000000c311800000,0x000000c311900000]
Native frames: (J=compiled Java code, j=interpreted, Vv=VM code, C=native code)
V  [jvm.dll+0x5f840a]
V  [jvm.dll+0x741e4a]
V  [jvm.dll+0x7435ff]
V  [jvm.dll+0x743c43]
V  [jvm.dll+0x20d288]
V  [jvm.dll+0x5f57ba]
V  [jvm.dll+0x5ea615]
V  [jvm.dll+0x2c7e9c]
V  [jvm.dll+0x2c7cd2]
V  [jvm.dll+0x2cdbbc]
V  [jvm.dll+0x313ff8]
V  [jvm.dll+0x313720]
V  [jvm.dll+0x2a092a]
V  [jvm.dll+0x2a1a79]
V  [jvm.dll+0x71f718]
V  [jvm.dll+0x321c44]
V  [jvm.dll+0x700b0c]
V  [jvm.dll+0x392dff]
V  [jvm.dll+0x394e71]
C  [jli.dll+0x523b]
C  [ucrtbase.dll+0x21bb2]
C  [KERNEL32.DLL+0x17034]
C  [ntdll.dll+0x52651]


---------------  P R O C E S S  ---------------

Threads class SMR info:
_java_thread_list=0x00007ff8cabe3078, length=0, elements={
}

Java Threads: ( => current thread )

Other Threads:
  0x0000026ca6a0c000 GCTaskThread "GC Thread#0" [stack: 0x000000c311900000,0x000000c311a00000] [id=13092]
  0x0000026ca6a1c800 ConcurrentGCThread "G1 Main Marker" [stack: 0x000000c311a00000,0x000000c311b00000] [id=4036]
  0x0000026ca6a1e000 ConcurrentGCThread "G1 Conc#0" [stack: 0x000000c311b00000,0x000000c311c00000] [id=9340]

[error occurred during error reporting (printing all threads), id 0xc0000005, EXCEPTION_ACCESS_VIOLATION (0xc0000005) at pc=0x00007ff8ca411257]

VM state:not at safepoint (not fully initialized)

VM Mutex/Monitor currently owned by a thread:  ([mutex/lock_event])
[0x0000026ca69c8440] Heap_lock - owner thread: 0x0000026ca69cc000

Heap address: 0x0000000088c00000, size: 1908 MB, Compressed Oops mode: 32-bit
Narrow klass base: 0x0000000000000000, Narrow klass shift: 0

GC Heap History (0 events):
No events

Deoptimization events (0 events):
No events

Classes unloaded (0 events):
No events

Classes redefined (0 events):
No events

Internal exceptions (0 events):
No events

Events (2 events):
Event: 0.010 Loaded shared library C:\Users\User\.jdks\openjdk-14.0.1\bin\java.dll
Event: 0.011 Loaded shared library C:\Users\User\.jdks\openjdk-14.0.1\bin\zip.dll


Dynamic libraries:
0x00007ff7cbbb0000 - 0x00007ff7cbbbd000 	C:\Users\User\.jdks\openjdk-14.0.1\bin\java.exe
0x00007ff9384b0000 - 0x00007ff9386a5000 	C:\WINDOWS\SYSTEM32\ntdll.dll
0x00007ff937150000 - 0x00007ff93720e000 	C:\WINDOWS\System32\KERNEL32.DLL
0x00007ff935fa0000 - 0x00007ff936268000 	C:\WINDOWS\System32\KERNELBASE.dll
0x00007ff935dd0000 - 0x00007ff935ed0000 	C:\WINDOWS\System32\ucrtbase.dll
0x00007ff9265b0000 - 0x00007ff9265c5000 	C:\Users\User\.jdks\openjdk-14.0.1\bin\VCRUNTIME140.dll
0x00007ff9219c0000 - 0x00007ff9219d8000 	C:\Users\User\.jdks\openjdk-14.0.1\bin\jli.dll
0x00007ff936df0000 - 0x00007ff936f90000 	C:\WINDOWS\System32\USER32.dll
0x00007ff925550000 - 0x00007ff9257ea000 	C:\WINDOWS\WinSxS\amd64_microsoft.windows.common-controls_6595b64144ccf1df_6.0.19041.1110_none_60b5254171f9507e\COMCTL32.dll
0x00007ff936270000 - 0x00007ff936292000 	C:\WINDOWS\System32\win32u.dll
0x00007ff9383a0000 - 0x00007ff93843e000 	C:\WINDOWS\System32\msvcrt.dll
0x00007ff936f90000 - 0x00007ff936fbb000 	C:\WINDOWS\System32\GDI32.dll
0x00007ff936330000 - 0x00007ff93643d000 	C:\WINDOWS\System32\gdi32full.dll
0x00007ff935f00000 - 0x00007ff935f9d000 	C:\WINDOWS\System32\msvcp_win.dll
0x00007ff938440000 - 0x00007ff938470000 	C:\WINDOWS\System32\IMM32.DLL
0x00007ff90f860000 - 0x00007ff90f8fb000 	C:\Users\User\.jdks\openjdk-14.0.1\bin\msvcp140.dll
0x00007ff8ca160000 - 0x00007ff8cac7e000 	C:\Users\User\.jdks\openjdk-14.0.1\bin\server\jvm.dll
0x00007ff9365e0000 - 0x00007ff93668e000 	C:\WINDOWS\System32\ADVAPI32.dll
0x00007ff936fc0000 - 0x00007ff93705c000 	C:\WINDOWS\System32\sechost.dll
0x00007ff9380a0000 - 0x00007ff9381c5000 	C:\WINDOWS\System32\RPCRT4.dll
0x00007ff938390000 - 0x00007ff938398000 	C:\WINDOWS\System32\PSAPI.DLL
0x00007ff91d030000 - 0x00007ff91d057000 	C:\WINDOWS\SYSTEM32\WINMM.dll
0x00007ff91a9d0000 - 0x00007ff91a9d9000 	C:\WINDOWS\SYSTEM32\WSOCK32.dll
0x00007ff928a60000 - 0x00007ff928a6a000 	C:\WINDOWS\SYSTEM32\VERSION.dll
0x00007ff937060000 - 0x00007ff9370cb000 	C:\WINDOWS\System32\WS2_32.dll
0x00007ff934450000 - 0x00007ff934462000 	C:\WINDOWS\SYSTEM32\kernel.appcore.dll
0x00007ff926530000 - 0x00007ff92653a000 	C:\Users\User\.jdks\openjdk-14.0.1\bin\jimage.dll
0x00007ff9341e0000 - 0x00007ff9343c4000 	C:\WINDOWS\SYSTEM32\DBGHELP.DLL
0x00007ff923e50000 - 0x00007ff923e7c000 	C:\WINDOWS\SYSTEM32\dbgcore.DLL
0x00007ff9362a0000 - 0x00007ff936322000 	C:\WINDOWS\System32\bcryptPrimitives.dll
0x00007ff924d80000 - 0x00007ff924d8e000 	C:\Users\User\.jdks\openjdk-14.0.1\bin\instrument.dll
0x00007ff91d0b0000 - 0x00007ff91d0d5000 	C:\Users\User\.jdks\openjdk-14.0.1\bin\java.dll
0x00007ff913750000 - 0x00007ff913766000 	C:\Users\User\.jdks\openjdk-14.0.1\bin\zip.dll

dbghelp: loaded successfully - version: 4.0.5 - missing functions: none
symbol engine: initialized successfully - sym options: 0x614 - pdb path: .;C:\Users\User\.jdks\openjdk-14.0.1\bin;C:\WINDOWS\SYSTEM32;C:\WINDOWS\WinSxS\amd64_microsoft.windows.common-controls_6595b64144ccf1df_6.0.19041.1110_none_60b5254171f9507e;C:\Users\User\.jdks\openjdk-14.0.1\bin\server

VM Arguments:
jvm_args: -javaagent:C:\Users\User\AppData\Local\JetBrains\Toolbox\apps\IDEA-U\ch-0\211.6693.111\lib\idea_rt.jar=54874:C:\Users\User\AppData\Local\JetBrains\Toolbox\apps\IDEA-U\ch-0\211.6693.111\bin -Dfile.encoding=UTF-8 
java_command: Recursion.ReverseANumbeRec
java_class_path (initial): C:\Users\User\IdeaProjects\Data-Structures-in-Java\out\production\Coding
Launcher Type: SUN_STANDARD

[Global flags]
     intx CICompilerCount                          = 4                                         {product} {ergonomic}
     uint ConcGCThreads                            = 2                                         {product} {ergonomic}
     uint G1ConcRefinementThreads                  = 8                                         {product} {ergonomic}
   size_t G1HeapRegionSize                         = 1048576                                   {product} {ergonomic}
    uintx GCDrainStackTargetSize                   = 64                                        {product} {ergonomic}
   size_t InitialHeapSize                          = 125829120                                 {product} {ergonomic}
   size_t MarkStackSize                            = 4194304                                   {product} {ergonomic}
   size_t MaxHeapSize                              = 2000683008                                {product} {ergonomic}
   size_t MinHeapDeltaBytes                        = 1048576                                   {product} {ergonomic}
   size_t MinHeapSize                              = 8388608                                   {product} {ergonomic}
    uintx NonNMethodCodeHeapSize                   = 5839372                                {pd product} {ergonomic}
    uintx NonProfiledCodeHeapSize                  = 122909434                              {pd product} {ergonomic}
    uintx ProfiledCodeHeapSize                     = 122909434                              {pd product} {ergonomic}
    uintx ReservedCodeCacheSize                    = 251658240                              {pd product} {ergonomic}
     bool SegmentedCodeCache                       = true                                      {product} {ergonomic}
   size_t SoftMaxHeapSize                          = 2000683008                             {manageable} {ergonomic}
     bool UseCompressedClassPointers               = true                                 {lp64_product} {ergonomic}
     bool UseCompressedOops                        = true                                 {lp64_product} {ergonomic}
     bool UseG1GC                                  = true                                      {product} {ergonomic}
     bool UseLargePagesIndividualAllocation        = false                                  {pd product} {ergonomic}

Logging:
Log output configuration:
 #0: stdout all=warning uptime,level,tags
 #1: stderr all=off uptime,level,tags

Environment Variables:
PATH=C:\Windows\System32;C:\Windows\System32\OpenSSH;C:\HashiCorp\Vagrant\bin;C:\ProgramData\chocolatey\bin;C:\Program Files\MySQL\MySQL Shell 8.0\bin\;C:\Users\User\AppData\Local\Microsoft\WindowsApps;C:\Program Files (x86)\Google\Chrome\Application;C:\Users\User\Documents\Python Scripts;C:\Users\User\AppData\Local\Microsoft\WindowsApps;C:\Program Files\terraform;C:\Users\User\AppData\Local\Programs\Microsoft VS Code\bin;C:\Users\User\AppData\Roaming\npm;C:\Program Files\Java\jdk-11.0.9\bin;C:\Program Files\Java\jdk1.8.0_251\bin;C:\xampp\htdocs\PHP;C:\xampp\php;C:\Program Files (x86)\nodejs;C:\Program Files\Docker\Docker;C:\Program Files\Docker\Docker\resources\bin;C:\Windows\System32;C:\Windows\System32\OpenSSH;C:\Users\User\kube;C:\Windows\System32\WindowsPowerShell\v1.0;
USERNAME=User
OS=Windows_NT
PROCESSOR_IDENTIFIER=Intel64 Family 6 Model 60 Stepping 3, GenuineIntel



---------------  S Y S T E M  ---------------

OS: Windows 10 , 64 bit Build 19041 (10.0.19041.1503)
OS uptime: 0 days 4:30 hours
HyperV virtualization detected

CPU:total 8 (initial active 8) (4 cores per cpu, 2 threads per core) family 6 model 60 stepping 3, cmov, cx8, fxsr, mmx, sse, sse2, sse3, ssse3, sse4.1, sse4.2, popcnt, avx, avx2, aes, clmul, erms, lzcnt, ht, tsc, tscinvbit, bmi1, bmi2, fma

Memory: 4k page, system-wide physical 7625M (523M free)
TotalPageFile size 7625M (AvailPageFile size 92M)
current process WorkingSet (physical memory assigned to process): 10M, peak: 10M
current process commit charge ("private bytes"): 60M, peak: 180M

vm_info: OpenJDK 64-Bit Server VM (14.0.1+7) for windows-amd64 JRE (14.0.1+7), built on Mar  5 2020 10:30:04 by "mach5one" with MS VC++ 15.9 (VS2017)

END.
